# JRE version: OpenJDK Runtime Environment Temurin-21.0.9+10 (21.0.9+10) (build 21.0.9+10-LTS)
# Java VM: OpenJDK 64-Bit Server VM Temurin-21.0.9+10 (21.0.9+10-LTS, mixed mode, sharing, tiered, compressed oops, compressed class ptrs, g1 gc, windows-amd64)
GC Precious Log:
 CardTable entry size: 512
 Card Set container configuration: InlinePtr #cards 5 size 8 Array Of Cards #cards 12 size 40 Howl #buckets 4 coarsen threshold 1843 Howl Bitmap #cards 512 size 80 coarsen threshold 460 Card regions per heap region 1 cards per card region 2048
 CPUs: 8 total, 8 available
 Memory: 16236M
 Large Page Support: Disabled
 NUMA Support: Disabled
 Compressed Oops: Enabled (32-bit)
 Heap Region Size: 1M
 Heap Min Capacity: 8M
 Heap Initial Capacity: 254M
 Heap Max Capacity: 1G
 Pre-touch: Disabled
 Parallel Workers: 8
 Concurrent Workers: 2
 Concurrent Refinement Workers: 8
 Periodic GC: Disabled
Heap:
 garbage-first heap   total 260096K, used 99643K [0x00000000c0000000, 0x0000000100000000)
  region size 1024K, 56 young (57344K), 6 survivors (6144K)
 Metaspace       used 8714K, committed 8960K, reserved 1114112K
  class space    used 1188K, committed 1344K, reserved 1048576K
GC Heap History (10 events):
Event: 3.072 GC heap before
{Heap before GC invocations=0 (full 0):
 garbage-first heap   total 260096K, used 23552K [0x00000000c0000000, 0x0000000100000000)
  region size 1024K, 23 young (23552K), 0 survivors (0K)
 Metaspace       used 3587K, committed 3776K, reserved 1114112K
  class space    used 433K, committed 512K, reserved 1048576K
}
Event: 3.078 GC heap after
{Heap after GC invocations=1 (full 0):
 garbage-first heap   total 260096K, used 6579K [0x00000000c0000000, 0x0000000100000000)
  region size 1024K, 3 young (3072K), 3 survivors (3072K)
 Metaspace       used 3587K, committed 3776K, reserved 1114112K
  class space    used 433K, committed 512K, reserved 1048576K
}
Event: 3.320 GC heap before
{Heap before GC invocations=1 (full 0):
 garbage-first heap   total 260096K, used 34227K [0x00000000c0000000, 0x0000000100000000)
  region size 1024K, 30 young (30720K), 3 survivors (3072K)
 Metaspace       used 3587K, committed 3776K, reserved 1114112K
  class space    used 433K, committed 512K, reserved 1048576K
}
Event: 3.327 GC heap after
{Heap after GC invocations=2 (full 0):
 garbage-first heap   total 260096K, used 13463K [0x00000000c0000000, 0x0000000100000000)
  region size 1024K, 4 young (4096K), 4 survivors (4096K)
 Metaspace       used 3587K, committed 3776K, reserved 1114112K
  class space    used 433K, committed 512K, reserved 1048576K
}
Event: 5.958 GC heap before
{Heap before GC invocations=2 (full 0):
 garbage-first heap   total 260096K, used 62615K [0x00000000c0000000, 0x0000000100000000)
  region size 1024K, 53 young (54272K), 4 survivors (4096K)
 Metaspace       used 5469K, committed 5632K, reserved 1114112K
  class space    used 705K, committed 768K, reserved 1048576K
}
Event: 5.980 GC heap after
{Heap after GC invocations=3 (full 0):
 garbage-first heap   total 260096K, used 25282K [0x00000000c0000000, 0x0000000100000000)
  region size 1024K, 7 young (7168K), 7 survivors (7168K)
 Metaspace       used 5469K, committed 5632K, reserved 1114112K
  class space    used 705K, committed 768K, reserved 1048576K
}
Event: 6.724 GC heap before
{Heap before GC invocations=3 (full 0):
 garbage-first heap   total 260096K, used 93890K [0x00000000c0000000, 0x0000000100000000)
  region size 1024K, 75 young (76800K), 7 survivors (7168K)
 Metaspace       used 8016K, committed 8256K, reserved 1114112K
  class space    used 1107K, committed 1216K, reserved 1048576K
}
Event: 6.765 GC heap after
{Heap after GC invocations=4 (full 0):
 garbage-first heap   total 260096K, used 40847K [0x00000000c0000000, 0x0000000100000000)
  region size 1024K, 10 young (10240K), 10 survivors (10240K)
 Metaspace       used 8016K, committed 8256K, reserved 1114112K
  class space    used 1107K, committed 1216K, reserved 1048576K
}
Event: 6.898 GC heap before
{Heap before GC invocations=4 (full 0):
 garbage-first heap   total 260096K, used 72591K [0x00000000c0000000, 0x0000000100000000)
  region size 1024K, 41 young (41984K), 10 survivors (10240K)
 Metaspace       used 8066K, committed 8320K, reserved 1114112K
  class space    used 1110K, committed 1216K, reserved 1048576K
}
Event: 6.929 GC heap after
{Heap after GC invocations=5 (full 0):
 garbage-first heap   total 260096K, used 49467K [0x00000000c0000000, 0x0000000100000000)
  region size 1024K, 6 young (6144K), 6 survivors (6144K)
 Metaspace       used 8066K, committed 8320K, reserved 1114112K
  class space    used 1110K, committed 1216K, reserved 1048576K
}

